CRITICAL - 2026-04-02 06:04:56 --> ErrorException: Undefined variable $xyz
[Method: GET, Route: /]
in APPPATH\Views\v_home.php on line 6.
 1 APPPATH\Views\v_home.php(6): CodeIgniter\Debug\Exceptions->errorHandler(2, 'Undefined variable $xyz', 'C:\\xampp\\htdocs\\pwl\\belajar-ci\\app\\Views\\v_home.php', 6)
 2 SYSTEMPATH\View\View.php(240): include('C:\\xampp\\htdocs\\pwl\\belajar-ci\\app\\Views\\v_home.php')
 3 SYSTEMPATH\View\View.php(243): CodeIgniter\View\View->CodeIgniter\View\{closure}()
 4 SYSTEMPATH\Common.php(1250): CodeIgniter\View\View->render('v_home', [], true)
 5 APPPATH\Controllers\Home.php(9): view('v_home')
 6 SYSTEMPATH\CodeIgniter.php(951): App\Controllers\Home->index()
 7 SYSTEMPATH\CodeIgniter.php(497): CodeIgniter\CodeIgniter->runController(Object(App\Controllers\Home))
 8 SYSTEMPATH\CodeIgniter.php(340): CodeIgniter\CodeIgniter->handleRequest(null, Object(Config\Cache), false)
 9 SYSTEMPATH\Boot.php(417): CodeIgniter\CodeIgniter->run()
10 SYSTEMPATH\Boot.php(68): CodeIgniter\Boot::runCodeIgniter(Object(CodeIgniter\CodeIgniter))
11 FCPATH\index.php(59): CodeIgniter\Boot::bootWeb(Object(Config\Paths))
12 SYSTEMPATH\rewrite.php(44): require_once('C:\\xampp\\htdocs\\pwl\\belajar-ci\\public\\index.php')
CRITICAL - 2026-04-02 06:05:28 --> ErrorException: Undefined variable $xyz
[Method: GET, Route: /]
in APPPATH\Views\v_home.php on line 6.
 1 APPPATH\Views\v_home.php(6): CodeIgniter\Debug\Exceptions->errorHandler(2, 'Undefined variable $xyz', 'C:\\xampp\\htdocs\\pwl\\belajar-ci\\app\\Views\\v_home.php', 6)
 2 SYSTEMPATH\View\View.php(240): include('C:\\xampp\\htdocs\\pwl\\belajar-ci\\app\\Views\\v_home.php')
 3 SYSTEMPATH\View\View.php(243): CodeIgniter\View\View->CodeIgniter\View\{closure}()
 4 SYSTEMPATH\Common.php(1250): CodeIgniter\View\View->render('v_home', [], true)
 5 APPPATH\Controllers\Home.php(9): view('v_home')
 6 SYSTEMPATH\CodeIgniter.php(951): App\Controllers\Home->index()
 7 SYSTEMPATH\CodeIgniter.php(497): CodeIgniter\CodeIgniter->runController(Object(App\Controllers\Home))
 8 SYSTEMPATH\CodeIgniter.php(340): CodeIgniter\CodeIgniter->handleRequest(null, Object(Config\Cache), false)
 9 SYSTEMPATH\Boot.php(417): CodeIgniter\CodeIgniter->run()
10 SYSTEMPATH\Boot.php(68): CodeIgniter\Boot::runCodeIgniter(Object(CodeIgniter\CodeIgniter))
11 FCPATH\index.php(59): CodeIgniter\Boot::bootWeb(Object(Config\Paths))
12 SYSTEMPATH\rewrite.php(44): require_once('C:\\xampp\\htdocs\\pwl\\belajar-ci\\public\\index.php')
CRITICAL - 2026-04-02 06:07:16 --> ParseError: syntax error, unexpected end of file, expecting "," or ";"
[Method: GET, Route: /]
in APPPATH\Views\v_home.php on line 5.
 1 SYSTEMPATH\View\View.php(243): CodeIgniter\View\View->CodeIgniter\View\{closure}()
 2 SYSTEMPATH\Common.php(1250): CodeIgniter\View\View->render('v_home', [], true)
 3 APPPATH\Controllers\Home.php(9): view('v_home')
 4 SYSTEMPATH\CodeIgniter.php(951): App\Controllers\Home->index()
 5 SYSTEMPATH\CodeIgniter.php(497): CodeIgniter\CodeIgniter->runController(Object(App\Controllers\Home))
 6 SYSTEMPATH\CodeIgniter.php(340): CodeIgniter\CodeIgniter->handleRequest(null, Object(Config\Cache), false)
 7 SYSTEMPATH\Boot.php(417): CodeIgniter\CodeIgniter->run()
 8 SYSTEMPATH\Boot.php(68): CodeIgniter\Boot::runCodeIgniter(Object(CodeIgniter\CodeIgniter))
 9 FCPATH\index.php(59): CodeIgniter\Boot::bootWeb(Object(Config\Paths))
10 SYSTEMPATH\rewrite.php(44): require_once('C:\\xampp\\htdocs\\pwl\\belajar-ci\\public\\index.php')
CRITICAL - 2026-04-02 06:07:29 --> ParseError: syntax error, unexpected end of file, expecting "," or ";"
[Method: GET, Route: /]
in APPPATH\Views\v_home.php on line 5.
 1 SYSTEMPATH\View\View.php(243): CodeIgniter\View\View->CodeIgniter\View\{closure}()
 2 SYSTEMPATH\Common.php(1250): CodeIgniter\View\View->render('v_home', [], true)
 3 APPPATH\Controllers\Home.php(9): view('v_home')
 4 SYSTEMPATH\CodeIgniter.php(951): App\Controllers\Home->index()
 5 SYSTEMPATH\CodeIgniter.php(497): CodeIgniter\CodeIgniter->runController(Object(App\Controllers\Home))
 6 SYSTEMPATH\CodeIgniter.php(340): CodeIgniter\CodeIgniter->handleRequest(null, Object(Config\Cache), false)
 7 SYSTEMPATH\Boot.php(417): CodeIgniter\CodeIgniter->run()
 8 SYSTEMPATH\Boot.php(68): CodeIgniter\Boot::runCodeIgniter(Object(CodeIgniter\CodeIgniter))
 9 FCPATH\index.php(59): CodeIgniter\Boot::bootWeb(Object(Config\Paths))
10 SYSTEMPATH\rewrite.php(44): require_once('C:\\xampp\\htdocs\\pwl\\belajar-ci\\public\\index.php')
CRITICAL - 2026-04-02 06:07:30 --> ParseError: syntax error, unexpected end of file, expecting "," or ";"
[Method: GET, Route: /]
in APPPATH\Views\v_home.php on line 5.
 1 SYSTEMPATH\View\View.php(243): CodeIgniter\View\View->CodeIgniter\View\{closure}()
 2 SYSTEMPATH\Common.php(1250): CodeIgniter\View\View->render('v_home', [], true)
 3 APPPATH\Controllers\Home.php(9): view('v_home')
 4 SYSTEMPATH\CodeIgniter.php(951): App\Controllers\Home->index()
 5 SYSTEMPATH\CodeIgniter.php(497): CodeIgniter\CodeIgniter->runController(Object(App\Controllers\Home))
 6 SYSTEMPATH\CodeIgniter.php(340): CodeIgniter\CodeIgniter->handleRequest(null, Object(Config\Cache), false)
 7 SYSTEMPATH\Boot.php(417): CodeIgniter\CodeIgniter->run()
 8 SYSTEMPATH\Boot.php(68): CodeIgniter\Boot::runCodeIgniter(Object(CodeIgniter\CodeIgniter))
 9 FCPATH\index.php(59): CodeIgniter\Boot::bootWeb(Object(Config\Paths))
10 SYSTEMPATH\rewrite.php(44): require_once('C:\\xampp\\htdocs\\pwl\\belajar-ci\\public\\index.php')
CRITICAL - 2026-04-02 06:08:04 --> ErrorException: Undefined variable $adv
[Method: GET, Route: /]
in APPPATH\Views\v_home.php on line 5.
 1 APPPATH\Views\v_home.php(5): CodeIgniter\Debug\Exceptions->errorHandler(2, 'Undefined variable $adv', 'C:\\xampp\\htdocs\\pwl\\belajar-ci\\app\\Views\\v_home.php', 5)
 2 SYSTEMPATH\View\View.php(240): include('C:\\xampp\\htdocs\\pwl\\belajar-ci\\app\\Views\\v_home.php')
 3 SYSTEMPATH\View\View.php(243): CodeIgniter\View\View->CodeIgniter\View\{closure}()
 4 SYSTEMPATH\Common.php(1250): CodeIgniter\View\View->render('v_home', [], true)
 5 APPPATH\Controllers\Home.php(9): view('v_home')
 6 SYSTEMPATH\CodeIgniter.php(951): App\Controllers\Home->index()
 7 SYSTEMPATH\CodeIgniter.php(497): CodeIgniter\CodeIgniter->runController(Object(App\Controllers\Home))
 8 SYSTEMPATH\CodeIgniter.php(340): CodeIgniter\CodeIgniter->handleRequest(null, Object(Config\Cache), false)
 9 SYSTEMPATH\Boot.php(417): CodeIgniter\CodeIgniter->run()
10 SYSTEMPATH\Boot.php(68): CodeIgniter\Boot::runCodeIgniter(Object(CodeIgniter\CodeIgniter))
11 FCPATH\index.php(59): CodeIgniter\Boot::bootWeb(Object(Config\Paths))
12 SYSTEMPATH\rewrite.php(44): require_once('C:\\xampp\\htdocs\\pwl\\belajar-ci\\public\\index.php')
CRITICAL - 2026-04-02 06:08:09 --> ErrorException: Undefined variable $adv
[Method: GET, Route: /]
in APPPATH\Views\v_home.php on line 5.
 1 APPPATH\Views\v_home.php(5): CodeIgniter\Debug\Exceptions->errorHandler(2, 'Undefined variable $adv', 'C:\\xampp\\htdocs\\pwl\\belajar-ci\\app\\Views\\v_home.php', 5)
 2 SYSTEMPATH\View\View.php(240): include('C:\\xampp\\htdocs\\pwl\\belajar-ci\\app\\Views\\v_home.php')
 3 SYSTEMPATH\View\View.php(243): CodeIgniter\View\View->CodeIgniter\View\{closure}()
 4 SYSTEMPATH\Common.php(1250): CodeIgniter\View\View->render('v_home', [], true)
 5 APPPATH\Controllers\Home.php(9): view('v_home')
 6 SYSTEMPATH\CodeIgniter.php(951): App\Controllers\Home->index()
 7 SYSTEMPATH\CodeIgniter.php(497): CodeIgniter\CodeIgniter->runController(Object(App\Controllers\Home))
 8 SYSTEMPATH\CodeIgniter.php(340): CodeIgniter\CodeIgniter->handleRequest(null, Object(Config\Cache), false)
 9 SYSTEMPATH\Boot.php(417): CodeIgniter\CodeIgniter->run()
10 SYSTEMPATH\Boot.php(68): CodeIgniter\Boot::runCodeIgniter(Object(CodeIgniter\CodeIgniter))
11 FCPATH\index.php(59): CodeIgniter\Boot::bootWeb(Object(Config\Paths))
12 SYSTEMPATH\rewrite.php(44): require_once('C:\\xampp\\htdocs\\pwl\\belajar-ci\\public\\index.php')
